
樓層: 5F

選取物件總數: 343
選取字串總數: 110
選取閉合線總數: 69

將進行配對之柱名稱總數: 35

成功配對之柱總數: 35

柱名: C35
柱寬: 175.00
柱深: 110.00

柱名: C21
柱寬: 120.00
柱深: 165.00

柱名: C22
柱寬: 135.00
柱深: 145.00

柱名: C29
柱寬: 170.00
柱深: 120.00

柱名: C20
柱寬: 135.00
柱深: 145.00

柱名: C5
柱寬: 120.00
柱深: 165.00

柱名: C15
柱寬: 135.00
柱深: 145.00

柱名: C26
柱寬: 150.00
柱深: 130.00

柱名: C3
柱寬: 120.00
柱深: 165.00

柱名: C7
柱寬: 125.00
柱深: 180.00

柱名: C30
柱寬: 120.00
柱深: 165.00

柱名: C4
柱寬: 135.00
柱深: 145.00

柱名: C2
柱寬: 120.00
柱深: 165.00

柱名: C6
柱寬: 120.00
柱深: 175.00

柱名: C28
柱寬: 120.00
柱深: 165.00

柱名: C12
柱寬: 135.00
柱深: 145.00

柱名: C25
柱寬: 130.00
柱深: 150.00

柱名: C13
柱寬: 120.00
柱深: 165.00

柱名: C17
柱寬: 165.00
柱深: 120.00

柱名: C9
柱寬: 165.00
柱深: 120.00

柱名: C31
柱寬: 165.00
柱深: 120.00

柱名: C16
柱寬: 150.00
柱深: 200.00

柱名: C24
柱寬: 165.00
柱深: 120.00

柱名: C27
柱寬: 120.00
柱深: 165.00

柱名: C23
柱寬: 120.00
柱深: 170.00

柱名: C33
柱寬: 120.00
柱深: 165.00

柱名: C10
柱寬: 195.00
柱深: 100.00

柱名: C11
柱寬: 195.00
柱深: 100.00

柱名: C18
柱寬: 200.00
柱深: 97.50

柱名: C14
柱寬: 100.00
柱深: 205.00

柱名: C1
柱寬: 135.00
柱深: 145.00

柱名: C34
柱寬: 165.00
柱深: 120.00

柱名: C8
柱寬: 130.00
柱深: 205.00

樓層: 2F

選取物件總數: 343
選取字串總數: 110
選取閉合線總數: 69

將進行配對之柱名稱總數: 35

成功配對之柱總數: 35

柱名: C35
柱寬: 175.00
柱深: 110.00

柱名: C21
柱寬: 120.00
柱深: 165.00

柱名: C22
柱寬: 135.00
柱深: 145.00

柱名: C29
柱寬: 170.00
柱深: 120.00

柱名: C20
柱寬: 135.00
柱深: 145.00

柱名: C5
柱寬: 120.00
柱深: 165.00

柱名: C15
柱寬: 135.00
柱深: 145.00

柱名: C26
柱寬: 150.00
柱深: 130.00

柱名: C3
柱寬: 120.00
柱深: 165.00

柱名: C7
柱寬: 125.00
柱深: 180.00

柱名: C30
柱寬: 120.00
柱深: 165.00

柱名: C4
柱寬: 135.00
柱深: 145.00

柱名: C2
柱寬: 120.00
柱深: 165.00

柱名: C6
柱寬: 120.00
柱深: 175.00

柱名: C28
柱寬: 120.00
柱深: 165.00

柱名: C12
柱寬: 135.00
柱深: 145.00

柱名: C25
柱寬: 130.00
柱深: 150.00

柱名: C13
柱寬: 120.00
柱深: 165.00

柱名: C17
柱寬: 165.00
柱深: 120.00

柱名: C9
柱寬: 165.00
柱深: 120.00

柱名: C31
柱寬: 165.00
柱深: 120.00

柱名: C16
柱寬: 150.00
柱深: 200.00

柱名: C24
柱寬: 165.00
柱深: 120.00

柱名: C27
柱寬: 120.00
柱深: 165.00

柱名: C23
柱寬: 120.00
柱深: 170.00

柱名: C33
柱寬: 120.00
柱深: 165.00

柱名: C10
柱寬: 195.00
柱深: 100.00

柱名: C11
柱寬: 195.00
柱深: 100.00

柱名: C18
柱寬: 200.00
柱深: 97.50

柱名: C14
柱寬: 100.00
柱深: 205.00

柱名: C1
柱寬: 135.00
柱深: 145.00

柱名: C34
柱寬: 165.00
柱深: 120.00

柱名: C8
柱寬: 130.00
柱深: 205.00

樓層: 1F

選取物件總數: 252
選取字串總數: 83
選取閉合線總數: 70

將進行配對之柱名稱總數: 35

成功配對之柱總數: 35

柱名: C35
柱寬: 175.00
柱深: 110.00

柱名: C21
柱寬: 120.00
柱深: 165.00

柱名: C22
柱寬: 135.00
柱深: 145.00

柱名: C29
柱寬: 170.00
柱深: 120.00

柱名: C20
柱寬: 135.00
柱深: 145.00

柱名: C5
柱寬: 120.00
柱深: 165.00

柱名: C15
柱寬: 135.00
柱深: 145.00

柱名: C26
柱寬: 150.00
柱深: 130.00

柱名: C3
柱寬: 120.00
柱深: 165.00

柱名: C7
柱寬: 125.00
柱深: 180.00

柱名: C30
柱寬: 120.00
柱深: 165.00

柱名: C4
柱寬: 135.00
柱深: 145.00

柱名: C2
柱寬: 120.00
柱深: 165.00

柱名: C6
柱寬: 120.00
柱深: 175.00

柱名: C28
柱寬: 120.00
柱深: 165.00

柱名: C12
柱寬: 135.00
柱深: 145.00

柱名: C25
柱寬: 130.00
柱深: 150.00

柱名: C13
柱寬: 120.00
柱深: 165.00

柱名: C17
柱寬: 165.00
柱深: 120.00

柱名: C9
柱寬: 165.00
柱深: 120.00

柱名: C31
柱寬: 165.00
柱深: 120.00

柱名: C16
柱寬: 150.00
柱深: 200.00

柱名: C24
柱寬: 165.00
柱深: 120.00

柱名: C27
柱寬: 120.00
柱深: 165.00

柱名: C23
柱寬: 120.00
柱深: 170.00

柱名: C33
柱寬: 120.00
柱深: 165.00

柱名: C10
柱寬: 195.00
柱深: 100.00

柱名: C11
柱寬: 195.00
柱深: 100.00

柱名: C18
柱寬: 200.00
柱深: 97.50

柱名: C14
柱寬: 100.00
柱深: 205.00

柱名: C1
柱寬: 135.00
柱深: 145.00

柱名: C34
柱寬: 165.00
柱深: 120.00

柱名: C8
柱寬: 130.00
柱深: 205.00

樓層: 4F

選取物件總數: 343
選取字串總數: 110
選取直線總數: 158

將進行配對之梁名稱總數: 74

成功配對之梁總數: 73
name: SG16
name: SG3
name: SG21
name: SG2
name: SG1
name: SG29
name: SG5
name: SG15
name: SG13
name: SG27
name: SG4
name: SG25
name: SG24
name: SG23
name: SBX
name: SB25
name: SB4
name: SB6
name: SB5
name: SCG1
name: SG19
name: SB27a
name: SG22
name: SG9
name: SG6
name: SG17
name: SB10
name: SG20b
name: SB27
name: SB20
name: SG10b
name: SB18
name: SB19
name: SB1
name: SB28
name: SB3
name: SB2
name: SB26b
name: SG26b
name: SB17b
name: SB29
name: SB21
name: SG28b
name: SCB2
name: SCG1
name: SCG1
name: SCB1

樓層: 1MF

選取物件總數: 343
選取字串總數: 110
選取直線總數: 158

將進行配對之梁名稱總數: 74

成功配對之梁總數: 73
name: SG16
name: SG3
name: SG21
name: SG2
name: SG1
name: SG29
name: SG5
name: SG15
name: SG13
name: SG27
name: SG4
name: SG25
name: SG24
name: SG23
name: SBX
name: SB25
name: SB4
name: SB6
name: SB5
name: SCG1
name: SG19
name: SB27a
name: SG22
name: SG9
name: SG6
name: SG17
name: SB10
name: SG20b
name: SB27
name: SB20
name: SG10b
name: SB18
name: SB19
name: SB1
name: SB28
name: SB3
name: SB2
name: SB26b
name: SG26b
name: SB17b
name: SB29
name: SB21
name: SG28b
name: SCB2
name: SCG1
name: SCG1
name: SCB1

樓層: B1F

選取物件總數: 252
選取字串總數: 83
選取直線總數: 98

將進行配對之梁名稱總數: 47

成功配對之梁總數: 47
name: SG16
name: SG3
name: SG21
name: SG2
name: SG1
name: SG29
name: SG5
name: SG15
name: SG13
name: SG27
name: SG4
name: SG25
name: SG24
name: SG23
name: SBX
name: SB25
name: SB4
name: SB6
name: SB5
name: SCG1
name: SG19
name: SB27a
name: SG22
name: SG9
name: SG6
name: SG17
name: SB10
name: SG20b
name: SB27
name: SB20
name: SG10b
name: SB18
name: SB19
name: SB1
name: SB28
name: SB3
name: SB2
name: SB26b
name: SG26b
name: SB17b
name: SB29
name: SB21
name: SG28b
name: SCB2
name: SCG1
name: SCG1
name: SCB1
