                                 E T A B S (R)                                  

                                 Version 9.6.0.0                                

                            Copyright (C) 1984-2009                             
                         COMPUTERS AND STRUCTURES, INC.                         
                              All rights reserved                               

                 This copy of ETABS is for the exclusive use of                 

                                  THE LICENSEE                                  

           Unauthorized use is in violation of Federal copyright laws           

               It is the responsibility of the user to verify all               
                        results produced by this program                        

                             20 Jul 2021  16:31:24                              
 Program ETABS Version 9.6.0.0                                File:ShearWall.OUT
                                                                            Page
                                                                               1

 D I S P L A C E M E N T   D E G R E E S   O F   F R E E D O M

         (A) = Active DOF, equilibrium equation
         (-) = Restrained DOF, reaction computed
         (+) = Constrained DOF
         (>) = External substructure DOF
         ( ) = Null DOF

  JOINTS              UX  UY  UZ  RX  RY  RZ
       1 TO      18    A   A   A   A   A   A
      19 TO      24    -   -   -   A   A   A
 Program ETABS Version 9.6.0.0                                File:ShearWall.OUT
                                                                            Page
                                                                               2

 A S S E M B L E D   J O I N T   M A S S E S

 IN GLOBAL COORDINATES

   JOINT          UX          UY          UZ          RX          RY          RZ
       1    1.508983    1.508983     .000000     .000000     .000000     .000000
       2    2.436098    2.436098     .000000     .000000     .000000     .000000
       3    1.508983    1.508983     .000000     .000000     .000000     .000000
       4    1.508983    1.508983     .000000     .000000     .000000     .000000
       5    2.711719    2.711719     .000000     .000000     .000000     .000000
       6    1.784604    1.784604     .000000     .000000     .000000     .000000
       7    1.876478    1.876478     .000000     .000000     .000000     .000000
       8    2.803593    2.803593     .000000     .000000     .000000     .000000
       9    1.876478    1.876478     .000000     .000000     .000000     .000000
      10    1.876478    1.876478     .000000     .000000     .000000     .000000
      11    3.354836    3.354836     .000000     .000000     .000000     .000000
      12    2.427722    2.427722     .000000     .000000     .000000     .000000
      13    1.876478    1.876478     .000000     .000000     .000000     .000000
      14    2.803593    2.803593     .000000     .000000     .000000     .000000
      15    1.876478    1.876478     .000000     .000000     .000000     .000000
      16    1.876478    1.876478     .000000     .000000     .000000     .000000
      17    3.354836    3.354836     .000000     .000000     .000000     .000000
      18    2.427722    2.427722     .000000     .000000     .000000     .000000
      19    0.367496    0.367496     .000000     .000000     .000000     .000000
      20    0.367496    0.367496     .000000     .000000     .000000     .000000
      21    0.367496    0.367496     .000000     .000000     .000000     .000000
      22    0.367496    0.367496     .000000     .000000     .000000     .000000
      23    0.643117    0.643117     .000000     .000000     .000000     .000000
      24    0.643117    0.643117     .000000     .000000     .000000     .000000


 T O T A L   A S S E M B L E D   J O I N T   M A S S E S

 IN GLOBAL COORDINATES

                  UX          UY          UZ          RX          RY          RZ
   TOTAL   42.646758   42.646758     .000000     .000000     .000000     .000000


 T O T A L   A C C E L E R A T E D   M A S S   A N D   L O C A T I O N

 TOTAL MASS ACTIVATED BY ACCELERATION LOADS, IN GLOBAL COORDINATES

                  UX          UY          UZ
    MASS   39.890541   39.890541     .000000
   X-LOC    5.792717    5.792717     .000000
   Y-LOC    2.792717    2.792717     .000000
   Z-LOC    5.792717    5.792717     .000000
 Program ETABS Version 9.6.0.0                                File:ShearWall.OUT
                                                                            Page
                                                                               3

 M O D A L   P E R I O D S   A N D   F R E Q U E N C I E S

    MODE      PERIOD   FREQUENCY   FREQUENCY  EIGENVALUE
              (TIME)  (CYC/TIME)  (RAD/TIME)  (RAD/TIME)**2

       1    0.428256    2.335050   14.671555  215.254524
       2    0.378627    2.641119   16.594642  275.382160
       3    0.102350    9.770390   61.389170    3768.630
       4    0.079045   12.650999   79.488571    6318.433
       5    0.072057   13.877845   87.197071    7603.329
       6    0.037180   26.895974  168.992391   28558.428
       7    0.030994   32.264117  202.721427   41095.977
       8    0.029427   33.982569  213.518780   45590.269
       9    0.028347   35.277464  221.654843   49130.870
      10    0.026683   37.477742  235.479597   55450.640
      11    0.022244   44.955434  282.463322   79785.528
      12    0.021111   47.368423  297.624579   88580.390
      13    0.020789   48.101915  302.233247   91344.936
      14    0.018502   54.047853  339.592674  115323.184
      15    0.016347   61.173259  384.362923  147734.857
      16    0.015891   62.928809  395.393368  156335.916
      17    0.015584   64.166986  403.173066  162548.521
      18    0.015134   66.074263  415.156838  172355.200
      19    0.015000   66.666054  418.875173  175456.411
      20    0.014549   68.731868  431.855061  186498.793
      21    0.014100   70.923460  445.625240  198581.855
      22    0.013948   71.697120  450.486289  202937.897
      23    0.013565   73.717585  463.181250  214536.870
      24    0.013131   76.154432  478.492410  228954.987
      25    0.012564   79.594466  500.106780  250106.791
 Program ETABS Version 9.6.0.0                                File:ShearWall.OUT
                                                                            Page
                                                                               4

 M O D A L   P A R T I C I P A T I O N   F A C T O R S

 FOR UNIT ACCELERATION LOADS IN GLOBAL COORDINATES

    MODE      PERIOD          UX          UY          UZ
       1    0.428256    0.300745    5.963549     .000000
       2    0.378627    2.759076   -0.652650     .000000
       3    0.102350   -5.279516    0.006651     .000000
       4    0.079045    0.147069    1.814627     .000000
       5    0.072057   -0.872061    0.286960     .000000
       6    0.037180    1.637232    0.022337     .000000
       7    0.030994   -0.028854   -0.703084     .000000
       8    0.029427    0.225012   -0.021424     .000000
       9    0.028347   -0.326629    0.093549     .000000
      10    0.026683    0.182863   -0.055119     .000000
      11    0.022244   -0.524639   -0.079190     .000000
      12    0.021111   -0.286787    0.102474     .000000
      13    0.020789   -0.199719   -0.029560     .000000
      14    0.018502    0.287830   -0.009680     .000000
      15    0.016347   -0.047353    0.003408     .000000
      16    0.015891   -0.259919    0.005244     .000000
      17    0.015584   -0.053407    0.015801     .000000
      18    0.015134   -0.047449   -0.003021     .000000
      19    0.015000   -0.049043    0.005885     .000000
      20    0.014549    0.213284    0.003003     .000000
      21    0.014100   -0.087166   -0.001920     .000000
      22    0.013948   -0.008629    0.008647     .000000
      23    0.013565   -0.063681    0.000144     .000000
      24    0.013131    0.002654   -0.002440     .000000
      25    0.012564   -0.083935   -0.001225     .000000
 Program ETABS Version 9.6.0.0                                File:ShearWall.OUT
                                                                            Page
                                                                               5

 M O D A L   P A R T I C I P A T I N G   M A S S   R A T I O S

    MODE      PERIOD    INDIVIDUAL MODE (PERCENT)     CUMULATIVE SUM (PERCENT)
                             UX       UY       UZ         UX       UY       UZ

       1    0.428256     0.2267  89.1538   0.0000     0.2267  89.1538   0.0000
       2    0.378627    19.0835   1.0678   0.0000    19.3102  90.2216   0.0000
       3    0.102350    69.8744   0.0001   0.0000    89.1846  90.2217   0.0000
       4    0.079045     0.0542   8.2548   0.0000    89.2389  98.4764   0.0000
       5    0.072057     1.9064   0.2064   0.0000    91.1453  98.6829   0.0000
       6    0.037180     6.7197   0.0013   0.0000    97.8650  98.6841   0.0000
       7    0.030994     0.0021   1.2392   0.0000    97.8671  99.9233   0.0000
       8    0.029427     0.1269   0.0012   0.0000    97.9940  99.9245   0.0000
       9    0.028347     0.2674   0.0219   0.0000    98.2615  99.9464   0.0000
      10    0.026683     0.0838   0.0076   0.0000    98.3453  99.9540   0.0000
      11    0.022244     0.6900   0.0157   0.0000    99.0353  99.9697   0.0000
      12    0.021111     0.2062   0.0263   0.0000    99.2415  99.9961   0.0000
      13    0.020789     0.1000   0.0022   0.0000    99.3415  99.9983   0.0000
      14    0.018502     0.2077   0.0002   0.0000    99.5492  99.9985   0.0000
      15    0.016347     0.0056   0.0000   0.0000    99.5548  99.9985   0.0000
      16    0.015891     0.1694   0.0001   0.0000    99.7241  99.9986   0.0000
      17    0.015584     0.0072   0.0006   0.0000    99.7313  99.9992   0.0000
      18    0.015134     0.0056   0.0000   0.0000    99.7369  99.9992   0.0000
      19    0.015000     0.0060   0.0001   0.0000    99.7430  99.9993   0.0000
      20    0.014549     0.1140   0.0000   0.0000    99.8570  99.9993   0.0000
      21    0.014100     0.0190   0.0000   0.0000    99.8761  99.9994   0.0000
      22    0.013948     0.0002   0.0002   0.0000    99.8762  99.9995   0.0000
      23    0.013565     0.0102   0.0000   0.0000    99.8864  99.9995   0.0000
      24    0.013131     0.0000   0.0000   0.0000    99.8864  99.9996   0.0000
      25    0.012564     0.0177   0.0000   0.0000    99.9041  99.9996   0.0000
 Program ETABS Version 9.6.0.0                                File:ShearWall.OUT
                                                                            Page
                                                                               6

 M O D A L   L O A D   P A R T I C I P A T I O N   R A T I O S

 LOAD, ACC, OR LINK/DEF        STATIC    DYNAMIC                       EFFECTIVE
        (TYPE)      (NAME)   (PERCENT)  (PERCENT)                         PERIOD

         LOAD    DL            0.5963 ->  0.0000<- (*) SEE NOTE         0.004603
         LOAD    LL            1.2224 ->  0.0000<- (*) SEE NOTE         0.007675
         LOAD    EQXP        100.0000    99.9934                        0.340318
         LOAD    EQXN        100.0000    99.9934                        0.340318
         LOAD    EQYP        100.0000   100.0000                        0.427758
         LOAD    EQYN        100.0000   100.0000                        0.427758
         LOAD    WX            0.0000     0.0000                      -INFINITY-
         LOAD    WY            0.0000     0.0000                      -INFINITY-
         LOAD    WLX           0.0000     0.0000                      -INFINITY-
         LOAD    WLY           0.0000     0.0000                      -INFINITY-
         LOAD    WTX           0.0000     0.0000                      -INFINITY-
         LOAD    WTY           0.0000     0.0000                      -INFINITY-
         LOAD    EQXB          0.0000     0.0000                      -INFINITY-
         LOAD    EQYB          0.0000     0.0000                      -INFINITY-
         LOAD    EQX         100.0000    99.9934                        0.340318
         LOAD    EQY         100.0000   100.0000                        0.427758
         LOAD    FLH           0.0000     0.0000                      -INFINITY-
         LOAD    FLN           0.0000     0.0000                      -INFINITY-
         LOAD    FLL           0.0000     0.0000                      -INFINITY-
         LOAD    TRIBUTAR      1.2224 ->  0.0000<- (*) SEE NOTE         0.007675
         LOAD    0SPECX        0.0000     0.0000                      -INFINITY-
         LOAD    0SPECY        0.0000     0.0000                      -INFINITY-
          ACC          UX     99.9996    99.9041                        0.339793
          ACC          UY    100.0000    99.9996                        0.427149
          ACC          UZ      0.0000     0.0000                      -INFINITY-
          ACC          RX    100.0000   100.0000                        0.427758
          ACC          RY    100.0000    99.9934                        0.340318
          ACC          RZ     82.3454    99.9746                        0.658332

 (*) NOTE: DYNAMIC LOAD PARTICIPATION RATIO EXCLUDES LOAD APPLIED
           TO NON-MASS DEGREES OF FREEDOM
 Program ETABS Version 9.6.0.0                                File:ShearWall.OUT
                                                                            Page
                                                                               7

 G L O B A L   F O R C E   B A L A N C E

 TOTAL FORCE AND MOMENT AT THE ORIGIN, IN GLOBAL COORDINATES

 LOADDL       ------------------    

                  FX          FY          FZ          MX          MY          MZ
 APPLIED     .000000     .000000 -435.880944   -1210.338    2517.980     .000000
 INERTIA     .000000     .000000     .000000     .000000     .000000     .000000
 REACTNS   -3.11E-15    1.11E-15  435.880944    1210.340   -2517.989   -0.000322
 P-DELTA     .000000     .000000     .000000   -0.002566    0.007274    0.000129

   TOTAL   -3.11E-15    1.11E-15   -2.27E-13    0.000113   -0.001102   -0.000193

 LOADLL       ------------------    

                  FX          FY          FZ          MX          MY          MZ
 APPLIED     .000000     .000000  -64.800000 -194.400000  388.800000     .000000
 INERTIA     .000000     .000000     .000000     .000000     .000000     .000000
 REACTNS    9.99E-16    1.94E-16   64.800000  194.401306 -388.802461   -8.55E-05
 P-DELTA     .000000     .000000     .000000   -0.001209    0.002151    3.37E-05

   TOTAL    9.99E-16    1.94E-16   -1.42E-14    9.68E-05   -0.000310   -5.18E-05

 LOADEQXP     ------------------    

                  FX          FY          FZ          MX          MY          MZ
 APPLIED   39.119258     .000000     .000000     .000000  265.435874 -109.798734
 INERTIA     .000000     .000000     .000000     .000000     .000000     .000000
 REACTNS  -39.119258    2.56E-13    1.42E-14    0.019944 -265.842840  109.831478
 P-DELTA     .000000     .000000     .000000    0.008263    0.396824   -0.012710

   TOTAL    1.63E-13    2.56E-13    1.42E-14    0.028207   -0.010142    0.020035

 LOADEQXN     ------------------    

                  FX          FY          FZ          MX          MY          MZ
 APPLIED   39.119258     .000000     .000000     .000000  265.435874 -109.798734
 INERTIA     .000000     .000000     .000000     .000000     .000000     .000000
 REACTNS  -39.119258    2.56E-13    1.42E-14    0.019944 -265.842840  109.831478
 P-DELTA     .000000     .000000     .000000    0.008263    0.396824   -0.012710

   TOTAL    1.63E-13    2.56E-13    1.42E-14    0.028207   -0.010142    0.020035
 Program ETABS Version 9.6.0.0                                File:ShearWall.OUT
                                                                            Page
                                                                               8

 G L O B A L   F O R C E   B A L A N C E

 TOTAL FORCE AND MOMENT AT THE ORIGIN, IN GLOBAL COORDINATES

 LOADEQYP     ------------------    

                  FX          FY          FZ          MX          MY          MZ
 APPLIED     .000000   39.119258     .000000 -265.435874     .000000  227.156509
 INERTIA     .000000     .000000     .000000     .000000     .000000     .000000
 REACTNS    5.94E-13  -39.119258   -4.80E-14  267.340537   -0.019028 -227.158202
 P-DELTA     .000000     .000000     .000000   -1.723099    0.019224   -0.000903

   TOTAL    5.94E-13    9.38E-13   -4.80E-14    0.181563    0.000196   -0.002596

 LOADEQYN     ------------------    

                  FX          FY          FZ          MX          MY          MZ
 APPLIED     .000000   39.119258     .000000 -265.435874     .000000  227.156509
 INERTIA     .000000     .000000     .000000     .000000     .000000     .000000
 REACTNS    5.94E-13  -39.119258   -4.80E-14  267.340537   -0.019028 -227.158202
 P-DELTA     .000000     .000000     .000000   -1.723099    0.019224   -0.000903

   TOTAL    5.94E-13    9.38E-13   -4.80E-14    0.181563    0.000196   -0.002596

 LOADWX       ------------------    

                  FX          FY          FZ          MX          MY          MZ
 APPLIED     .000000     .000000     .000000     .000000     .000000     .000000
 INERTIA     .000000     .000000     .000000     .000000     .000000     .000000
 REACTNS     .000000     .000000     .000000     .000000     .000000     .000000
 P-DELTA     .000000     .000000     .000000     .000000     .000000     .000000

   TOTAL     .000000     .000000     .000000     .000000     .000000     .000000

 LOADWY       ------------------    

                  FX          FY          FZ          MX          MY          MZ
 APPLIED     .000000     .000000     .000000     .000000     .000000     .000000
 INERTIA     .000000     .000000     .000000     .000000     .000000     .000000
 REACTNS     .000000     .000000     .000000     .000000     .000000     .000000
 P-DELTA     .000000     .000000     .000000     .000000     .000000     .000000

   TOTAL     .000000     .000000     .000000     .000000     .000000     .000000
 Program ETABS Version 9.6.0.0                                File:ShearWall.OUT
                                                                            Page
                                                                               9

 G L O B A L   F O R C E   B A L A N C E

 TOTAL FORCE AND MOMENT AT THE ORIGIN, IN GLOBAL COORDINATES

 LOADWLX      ------------------    

                  FX          FY          FZ          MX          MY          MZ
 APPLIED     .000000     .000000     .000000     .000000     .000000     .000000
 INERTIA     .000000     .000000     .000000     .000000     .000000     .000000
 REACTNS     .000000     .000000     .000000     .000000     .000000     .000000
 P-DELTA     .000000     .000000     .000000     .000000     .000000     .000000

   TOTAL     .000000     .000000     .000000     .000000     .000000     .000000

 LOADWLY      ------------------    

                  FX          FY          FZ          MX          MY          MZ
 APPLIED     .000000     .000000     .000000     .000000     .000000     .000000
 INERTIA     .000000     .000000     .000000     .000000     .000000     .000000
 REACTNS     .000000     .000000     .000000     .000000     .000000     .000000
 P-DELTA     .000000     .000000     .000000     .000000     .000000     .000000

   TOTAL     .000000     .000000     .000000     .000000     .000000     .000000

 LOADWTX      ------------------    

                  FX          FY          FZ          MX          MY          MZ
 APPLIED     .000000     .000000     .000000     .000000     .000000     .000000
 INERTIA     .000000     .000000     .000000     .000000     .000000     .000000
 REACTNS     .000000     .000000     .000000     .000000     .000000     .000000
 P-DELTA     .000000     .000000     .000000     .000000     .000000     .000000

   TOTAL     .000000     .000000     .000000     .000000     .000000     .000000

 LOADWTY      ------------------    

                  FX          FY          FZ          MX          MY          MZ
 APPLIED     .000000     .000000     .000000     .000000     .000000     .000000
 INERTIA     .000000     .000000     .000000     .000000     .000000     .000000
 REACTNS     .000000     .000000     .000000     .000000     .000000     .000000
 P-DELTA     .000000     .000000     .000000     .000000     .000000     .000000

   TOTAL     .000000     .000000     .000000     .000000     .000000     .000000
 Program ETABS Version 9.6.0.0                                File:ShearWall.OUT
                                                                            Page
                                                                              10

 G L O B A L   F O R C E   B A L A N C E

 TOTAL FORCE AND MOMENT AT THE ORIGIN, IN GLOBAL COORDINATES

 LOADEQXB     ------------------    

                  FX          FY          FZ          MX          MY          MZ
 APPLIED     .000000     .000000     .000000     .000000     .000000     .000000
 INERTIA     .000000     .000000     .000000     .000000     .000000     .000000
 REACTNS     .000000     .000000     .000000     .000000     .000000     .000000
 P-DELTA     .000000     .000000     .000000     .000000     .000000     .000000

   TOTAL     .000000     .000000     .000000     .000000     .000000     .000000

 LOADEQYB     ------------------    

                  FX          FY          FZ          MX          MY          MZ
 APPLIED     .000000     .000000     .000000     .000000     .000000     .000000
 INERTIA     .000000     .000000     .000000     .000000     .000000     .000000
 REACTNS     .000000     .000000     .000000     .000000     .000000     .000000
 P-DELTA     .000000     .000000     .000000     .000000     .000000     .000000

   TOTAL     .000000     .000000     .000000     .000000     .000000     .000000

 LOADEQX      ------------------    

                  FX          FY          FZ          MX          MY          MZ
 APPLIED   39.119258     .000000     .000000     .000000  265.435874 -109.798734
 INERTIA     .000000     .000000     .000000     .000000     .000000     .000000
 REACTNS  -39.119258    2.56E-13    1.42E-14    0.019944 -265.842840  109.831478
 P-DELTA     .000000     .000000     .000000    0.008263    0.396824   -0.012710

   TOTAL    1.63E-13    2.56E-13    1.42E-14    0.028207   -0.010142    0.020035

 LOADEQY      ------------------    

                  FX          FY          FZ          MX          MY          MZ
 APPLIED     .000000   39.119258     .000000 -265.435874     .000000  227.156509
 INERTIA     .000000     .000000     .000000     .000000     .000000     .000000
 REACTNS    5.94E-13  -39.119258   -4.80E-14  267.340537   -0.019028 -227.158202
 P-DELTA     .000000     .000000     .000000   -1.723099    0.019224   -0.000903

   TOTAL    5.94E-13    9.38E-13   -4.80E-14    0.181563    0.000196   -0.002596
 Program ETABS Version 9.6.0.0                                File:ShearWall.OUT
                                                                            Page
                                                                              11

 G L O B A L   F O R C E   B A L A N C E

 TOTAL FORCE AND MOMENT AT THE ORIGIN, IN GLOBAL COORDINATES

 LOADFLH      ------------------    

                  FX          FY          FZ          MX          MY          MZ
 APPLIED     .000000     .000000     .000000     .000000     .000000     .000000
 INERTIA     .000000     .000000     .000000     .000000     .000000     .000000
 REACTNS     .000000     .000000     .000000     .000000     .000000     .000000
 P-DELTA     .000000     .000000     .000000     .000000     .000000     .000000

   TOTAL     .000000     .000000     .000000     .000000     .000000     .000000

 LOADFLN      ------------------    

                  FX          FY          FZ          MX          MY          MZ
 APPLIED     .000000     .000000     .000000     .000000     .000000     .000000
 INERTIA     .000000     .000000     .000000     .000000     .000000     .000000
 REACTNS     .000000     .000000     .000000     .000000     .000000     .000000
 P-DELTA     .000000     .000000     .000000     .000000     .000000     .000000

   TOTAL     .000000     .000000     .000000     .000000     .000000     .000000

 LOADFLL      ------------------    

                  FX          FY          FZ          MX          MY          MZ
 APPLIED     .000000     .000000     .000000     .000000     .000000     .000000
 INERTIA     .000000     .000000     .000000     .000000     .000000     .000000
 REACTNS     .000000     .000000     .000000     .000000     .000000     .000000
 P-DELTA     .000000     .000000     .000000     .000000     .000000     .000000

   TOTAL     .000000     .000000     .000000     .000000     .000000     .000000

 LOADTRIBUTAR ------------------    

                  FX          FY          FZ          MX          MY          MZ
 APPLIED     .000000     .000000 -216.000000 -648.000000    1296.000     .000000
 INERTIA     .000000     .000000     .000000     .000000     .000000     .000000
 REACTNS    1.55E-15    3.77E-15  216.000000  648.004353   -1296.008   -0.000285
 P-DELTA     .000000     .000000     .000000   -0.004031    0.007169    0.000112

   TOTAL    1.55E-15    3.77E-15   -1.14E-13    0.000323   -0.001033   -0.000173
 Program ETABS Version 9.6.0.0                                File:ShearWall.OUT
                                                                            Page
                                                                              12

 G L O B A L   F O R C E   B A L A N C E

 TOTAL FORCE AND MOMENT AT THE ORIGIN, IN GLOBAL COORDINATES

 LOAD0SPECX   ------------------    

                  FX          FY          FZ          MX          MY          MZ
 APPLIED     .000000     .000000     .000000     .000000     .000000     .000000
 INERTIA     .000000     .000000     .000000     .000000     .000000     .000000
 REACTNS     .000000     .000000     .000000     .000000     .000000     .000000
 P-DELTA     .000000     .000000     .000000     .000000     .000000     .000000

   TOTAL     .000000     .000000     .000000     .000000     .000000     .000000

 LOAD0SPECY   ------------------    

                  FX          FY          FZ          MX          MY          MZ
 APPLIED     .000000     .000000     .000000     .000000     .000000     .000000
 INERTIA     .000000     .000000     .000000     .000000     .000000     .000000
 REACTNS     .000000     .000000     .000000     .000000     .000000     .000000
 P-DELTA     .000000     .000000     .000000     .000000     .000000     .000000

   TOTAL     .000000     .000000     .000000     .000000     .000000     .000000

 MODE       1 ------------------    

                  FX          FY          FZ          MX          MY          MZ
 APPLIED     .000000     .000000     .000000     .000000     .000000     .000000
 INERTIA   64.736625    1283.681     .000000   -8443.525  426.309309    6578.979
 REACTNS  -64.736587   -1283.681   -3.98E-13    8504.725 -429.404576   -6578.762
 P-DELTA     .000000     .000000     .000000  -55.145375    3.101481   -0.133867

   TOTAL    3.80E-05   -5.25E-06   -3.98E-13    6.054744    0.006214    0.083715

 MODE       2 ------------------    

                  FX          FY          FZ          MX          MY          MZ
 APPLIED     .000000     .000000     .000000     .000000     .000000     .000000
 INERTIA  759.800230 -179.728069     .000000    1208.299    5006.274  -11046.147
 REACTNS -759.800278  179.728064   -4.55E-13   -1215.041   -5034.674   11049.259
 P-DELTA     .000000     .000000     .000000    8.620161   28.393655   -1.199525

   TOTAL   -4.81E-05   -5.43E-06   -4.55E-13    1.878558   -0.006785    1.912810
 Program ETABS Version 9.6.0.0                                File:ShearWall.OUT
                                                                            Page
                                                                              13

 G L O B A L   F O R C E   B A L A N C E

 TOTAL FORCE AND MOMENT AT THE ORIGIN, IN GLOBAL COORDINATES

 MODE       3 ------------------    

                  FX          FY          FZ          MX          MY          MZ
 APPLIED     .000000     .000000     .000000     .000000     .000000     .000000
 INERTIA  -19896.544   25.064661     .000000  279.729780 -131894.850 -496.856808
 REACTNS   19896.544  -25.064848   -2.18E-11 -279.661597  131949.050  498.475090
 P-DELTA     .000000     .000000     .000000    1.340720  -47.789757   -0.626919

   TOTAL   -0.000395   -0.000187   -2.18E-11    1.408903    6.410387    0.991363

 MODE       4 ------------------    

                  FX          FY          FZ          MX          MY          MZ
 APPLIED     .000000     .000000     .000000     .000000     .000000     .000000
 INERTIA  929.243884   11465.596     .000000   19707.667 -161.300919   55729.286
 REACTNS -929.255039  -11465.596    3.64E-12  -19689.389  159.901171  -55730.161
 P-DELTA     .000000     .000000     .000000  -16.367183    1.432787    0.586183

   TOTAL   -0.011155   -0.000373    3.64E-12    1.910371    0.033039   -0.288817

 MODE       5 ------------------    

                  FX          FY          FZ          MX          MY          MZ
 APPLIED     .000000     .000000     .000000     .000000     .000000     .000000
 INERTIA   -6630.566    2181.849     .000000    3706.272   10004.911   94738.777
 REACTNS    6630.543   -2181.848   -7.39E-13   -3703.350   -9996.141  -94731.553
 P-DELTA     .000000     .000000     .000000   -3.361883   -8.749777   -3.523709

   TOTAL   -0.023721    0.001451   -7.39E-13   -0.439283    0.020406    3.700105

 MODE       6 ------------------    

                  FX          FY          FZ          MX          MY          MZ
 APPLIED     .000000     .000000     .000000     .000000     .000000     .000000
 INERTIA   46756.773  637.899243     .000000    1163.701  -63958.484    6735.677
 REACTNS  -46756.752 -637.922265    4.09E-11   -1163.391   63943.064   -6732.666
 P-DELTA     .000000     .000000     .000000   -0.887204   15.312995   -1.618737

   TOTAL    0.021858   -0.023022    4.09E-11   -0.577353   -0.107050    1.392414
 Program ETABS Version 9.6.0.0                                File:ShearWall.OUT
                                                                            Page
                                                                              14

 G L O B A L   F O R C E   B A L A N C E

 TOTAL FORCE AND MOMENT AT THE ORIGIN, IN GLOBAL COORDINATES

 MODE       7 ------------------    

                  FX          FY          FZ          MX          MY          MZ
 APPLIED     .000000     .000000     .000000     .000000     .000000     .000000
 INERTIA   -1185.772  -28893.938     .000000    5063.148  840.488167 -140846.044
 REACTNS    1185.785   28893.954    1.31E-12   -5070.484 -840.705987  140845.668
 P-DELTA     .000000     .000000     .000000    6.473924   -0.331550    0.192866

   TOTAL    0.013012    0.015225    1.31E-12   -0.862422   -0.549371   -0.183419

 MODE       8 ------------------    

                  FX          FY          FZ          MX          MY          MZ
 APPLIED     .000000     .000000     .000000     .000000     .000000     .000000
 INERTIA   10258.357 -976.732636     .000000 -261.611083   11739.144  -14634.267
 REACTNS  -10258.436  976.732716    5.00E-12  261.295065  -11741.255   14634.319
 P-DELTA     .000000     .000000     .000000    1.335265    1.111070   -0.639695

   TOTAL   -0.079569    7.95E-05    5.00E-12    1.019247   -1.000269   -0.587529

 MODE       9 ------------------    

                  FX          FY          FZ          MX          MY          MZ
 APPLIED     .000000     .000000     .000000     .000000     .000000     .000000
 INERTIA  -16047.585    4596.156     .000000 -932.485716   -4016.120  235400.515
 REACTNS   16047.812   -4596.171    7.39E-13  933.452772    4020.996 -235402.561
 P-DELTA     .000000     .000000     .000000   -1.199074   -3.465667    0.767178

   TOTAL    0.227157   -0.014734    7.39E-13   -0.232019    1.410452   -1.278918

 MODE      10 ------------------    

                  FX          FY          FZ          MX          MY          MZ
 APPLIED     .000000     .000000     .000000     .000000     .000000     .000000
 INERTIA   10139.849   -3056.373     .000000   -4660.622  -28994.766  -30395.078
 REACTNS  -10139.752    3056.391    4.55E-12    4660.077   28992.858   30394.742
 P-DELTA     .000000     .000000     .000000    0.286039    2.223730   -0.003217

   TOTAL    0.097410    0.017922    4.55E-12   -0.259506    0.315740   -0.339174
 Program ETABS Version 9.6.0.0                                File:ShearWall.OUT
                                                                            Page
                                                                              15

 G L O B A L   F O R C E   B A L A N C E

 TOTAL FORCE AND MOMENT AT THE ORIGIN, IN GLOBAL COORDINATES

 MODE      11 ------------------    

                  FX          FY          FZ          MX          MY          MZ
 APPLIED     .000000     .000000     .000000     .000000     .000000     .000000
 INERTIA  -41858.588   -6318.188     .000000    1173.154  -34529.289  -62854.504
 REACTNS   41858.575    6318.148    3.64E-12   -1173.903   34535.831   62855.392
 P-DELTA     .000000     .000000     .000000    0.886023   -4.696314   -0.421171

   TOTAL   -0.013762   -0.039450    3.64E-12    0.136106    1.845672    0.466739

 MODE      12 ------------------    

                  FX          FY          FZ          MX          MY          MZ
 APPLIED     .000000     .000000     .000000     .000000     .000000     .000000
 INERTIA  -25403.726    9077.163     .000000   -2008.097  -41790.511   64665.874
 REACTNS   25403.560   -9077.214   -5.46E-12    2009.203   41794.038  -64665.760
 P-DELTA     .000000     .000000     .000000   -1.567084   -0.886820    0.132335

   TOTAL   -0.166281   -0.050260   -5.46E-12   -0.461142    2.640029    0.246387

 MODE      13 ------------------    

                  FX          FY          FZ          MX          MY          MZ
 APPLIED     .000000     .000000     .000000     .000000     .000000     .000000
 INERTIA  -18243.304   -2700.187     .000000    1027.892  -50626.135  -16682.787
 REACTNS   18243.292    2700.227   -1.09E-11   -1028.183   50627.524   16682.404
 P-DELTA     .000000     .000000     .000000   -1.719906    2.670047   -0.104815

   TOTAL   -0.011360    0.039763   -1.09E-11   -2.010333    4.058970   -0.487435

 MODE      14 ------------------    

                  FX          FY          FZ          MX          MY          MZ
 APPLIED     .000000     .000000     .000000     .000000     .000000     .000000
 INERTIA   33193.488   -1116.340     .000000 -901.962572  -70520.776   -8775.659
 REACTNS  -33193.606    1116.323    2.55E-11  901.728121   70518.255    8779.448
 P-DELTA     .000000     .000000     .000000    0.045254    3.556218   -1.419937

   TOTAL   -0.118170   -0.017335    2.55E-11   -0.189198    1.034968    2.369596
 Program ETABS Version 9.6.0.0                                File:ShearWall.OUT
                                                                            Page
                                                                              16

 G L O B A L   F O R C E   B A L A N C E

 TOTAL FORCE AND MOMENT AT THE ORIGIN, IN GLOBAL COORDINATES

 MODE      15 ------------------    

                  FX          FY          FZ          MX          MY          MZ
 APPLIED     .000000     .000000     .000000     .000000     .000000     .000000
 INERTIA   -6995.653  503.474584     .000000  355.167898   -6457.045    4232.684
 REACTNS    6995.398 -503.552735   -1.59E-12 -355.323181    6458.011   -4233.947
 P-DELTA     .000000     .000000     .000000    0.221098    0.312530    0.236129

   TOTAL   -0.255306   -0.078151   -1.59E-12    0.065815    1.278591   -1.026717

 MODE      16 ------------------    

                  FX          FY          FZ          MX          MY          MZ
 APPLIED     .000000     .000000     .000000     .000000     .000000     .000000
 INERTIA  -40634.741  819.751457     .000000 -482.639177  -52842.190    7223.084
 REACTNS   40634.152 -819.846438   -1.64E-11  482.206258   52845.810   -7223.702
 P-DELTA     .000000     .000000     .000000    1.042144    1.594966   -0.449071

   TOTAL   -0.589107   -0.094981   -1.64E-11    0.609225    5.215030   -1.066773

 MODE      17 ------------------    

                  FX          FY          FZ          MX          MY          MZ
 APPLIED     .000000     .000000     .000000     .000000     .000000     .000000
 INERTIA   -8681.275    2568.497     .000000 -375.878071  -26025.180   22101.040
 REACTNS    8681.197   -2568.403    2.27E-11  376.274704   26026.136  -22098.202
 P-DELTA     .000000     .000000     .000000   -1.032837   -1.503194   -0.435706

   TOTAL   -0.077304    0.094299    2.27E-11   -0.636204   -0.547813    2.402351

 MODE      18 ------------------    

                  FX          FY          FZ          MX          MY          MZ
 APPLIED     .000000     .000000     .000000     .000000     .000000     .000000
 INERTIA   -8178.094 -520.630200     .000000 -137.053011  -25746.646   -2231.802
 REACTNS    8178.051  520.638687   -6.37E-12  137.060994   25746.943    2232.527
 P-DELTA     .000000     .000000     .000000   -0.500549    1.567743    0.711196

   TOTAL   -0.042810    0.008487   -6.37E-12   -0.492566    1.864189    1.435965
 Program ETABS Version 9.6.0.0                                File:ShearWall.OUT
                                                                            Page
                                                                              17

 G L O B A L   F O R C E   B A L A N C E

 TOTAL FORCE AND MOMENT AT THE ORIGIN, IN GLOBAL COORDINATES

 MODE      19 ------------------    

                  FX          FY          FZ          MX          MY          MZ
 APPLIED     .000000     .000000     .000000     .000000     .000000     .000000
 INERTIA   -8604.861    1032.547     .000000  955.297459    8009.696    9549.222
 REACTNS    8604.076   -1033.192    2.27E-13 -955.731945   -8007.416   -9554.377
 P-DELTA     .000000     .000000     .000000   -0.210835   -0.253543    0.046083

   TOTAL   -0.784964   -0.645185    2.27E-13   -0.645321    2.026050   -5.108899

 MODE      20 ------------------    

                  FX          FY          FZ          MX          MY          MZ
 APPLIED     .000000     .000000     .000000     .000000     .000000     .000000
 INERTIA   39777.212  560.053605     .000000    1254.440  -61726.320    6231.673
 REACTNS  -39777.886 -560.868589    1.82E-11   -1254.814   61725.874   -6237.600
 P-DELTA     .000000     .000000     .000000    0.493185    2.289634   -0.269377

   TOTAL   -0.674416   -0.814984    1.82E-11    0.119148    1.843339   -6.195968

 MODE      21 ------------------    

                  FX          FY          FZ          MX          MY          MZ
 APPLIED     .000000     .000000     .000000     .000000     .000000     .000000
 INERTIA  -17309.677 -381.251156     .000000 -943.785434   48369.974    5054.903
 REACTNS   17310.083  381.691306    1.27E-11  943.694149  -48372.334   -5045.306
 P-DELTA     .000000     .000000     .000000    0.252150   -1.357700    0.126873

   TOTAL    0.405481    0.440151    1.27E-11    0.160865   -3.717668    9.723856

 MODE      22 ------------------    

                  FX          FY          FZ          MX          MY          MZ
 APPLIED     .000000     .000000     .000000     .000000     .000000     .000000
 INERTIA   -1751.205    1754.806     .000000 -881.253737   -4740.360   13698.130
 REACTNS    1750.410   -1755.390    6.82E-13  881.230240    4743.319  -13705.647
 P-DELTA     .000000     .000000     .000000   -0.041754   -0.023040    0.083968

   TOTAL   -0.794528   -0.584600    6.82E-13   -0.065251    2.936053   -7.433714
 Program ETABS Version 9.6.0.0                                File:ShearWall.OUT
                                                                            Page
                                                                              18

 G L O B A L   F O R C E   B A L A N C E

 TOTAL FORCE AND MOMENT AT THE ORIGIN, IN GLOBAL COORDINATES

 MODE      23 ------------------    

                  FX          FY          FZ          MX          MY          MZ
 APPLIED     .000000     .000000     .000000     .000000     .000000     .000000
 INERTIA  -13661.917   30.909149     .000000 -213.698613   -2542.632   -4664.938
 REACTNS   13662.021  -31.358904   -1.48E-12  213.659452    2544.516    4660.773
 P-DELTA     .000000     .000000     .000000    0.707504   -0.621864   -0.506527

   TOTAL    0.104554   -0.449755   -1.48E-12    0.668343    1.262835   -4.672083

 MODE      24 ------------------    

                  FX          FY          FZ          MX          MY          MZ
 APPLIED     .000000     .000000     .000000     .000000     .000000     .000000
 INERTIA  607.669230 -558.717270     .000000 -723.036954 -368.961320  336.967389
 REACTNS -607.559060  559.098975    6.96E-13  722.795260  368.676490 -338.851384
 P-DELTA     .000000     .000000     .000000    4.046816   -0.035437    0.312930

   TOTAL    0.110169    0.381705    6.96E-13    3.805122   -0.320267   -1.571064

 MODE      25 ------------------    

                  FX          FY          FZ          MX          MY          MZ
 APPLIED     .000000     .000000     .000000     .000000     .000000     .000000
 INERTIA  -20992.779 -306.279511     .000000  684.525325  -21418.104    2340.952
 REACTNS   20992.941  305.800535   -2.73E-12 -684.820873   21419.656   -2349.307
 P-DELTA     .000000     .000000     .000000   -0.751704    0.193138   -0.260411

   TOTAL    0.162626   -0.478976   -2.73E-12   -1.047253    1.745426   -8.616272

 SPEC0SPECX   ------------------    

                  FX          FY          FZ          MX          MY          MZ
 APPLIED     .000000     .000000     .000000     .000000     .000000     .000000
 INERTIA     .000000     .000000     .000000     .000000     .000000     .000000
 REACTNS     .000000     .000000     .000000     .000000     .000000     .000000
 P-DELTA     .000000     .000000     .000000     .000000     .000000     .000000

   TOTAL     .000000     .000000     .000000     .000000     .000000     .000000
 Program ETABS Version 9.6.0.0                                File:ShearWall.OUT
                                                                            Page
                                                                              19

 G L O B A L   F O R C E   B A L A N C E

 TOTAL FORCE AND MOMENT AT THE ORIGIN, IN GLOBAL COORDINATES

 SPEC0SPECY   ------------------    

                  FX          FY          FZ          MX          MY          MZ
 APPLIED     .000000     .000000     .000000     .000000     .000000     .000000
 INERTIA     .000000     .000000     .000000     .000000     .000000     .000000
 REACTNS     .000000     .000000     .000000     .000000     .000000     .000000
 P-DELTA     .000000     .000000     .000000     .000000     .000000     .000000

   TOTAL     .000000     .000000     .000000     .000000     .000000     .000000
